\BOOKMARK [1][-]{section*.1}{\376\377\000L\036\335\000i\000\040\000c\036\243\000m\000\040\001\241\000n}{}% 1
\BOOKMARK [1][-]{section*.2}{\376\377\000M\036\345\000c\000\040\000l\036\345\000c}{}% 2
\BOOKMARK [1][-]{section*.3}{\376\377\000D\000a\000n\000h\000\040\000m\036\345\000c\000\040\000h\000\354\000n\000h\000\040\036\243\000n\000h}{}% 3
\BOOKMARK [1][-]{section*.4}{\376\377\000D\000a\000n\000h\000\040\000m\036\345\000c\000\040\000h\000\354\000n\000h\000\040\036\243\000n\000h}{}% 4
\BOOKMARK [1][-]{section*.5}{\376\377\000D\000a\000n\000h\000\040\000m\036\345\000c\000\040\000t\036\353\000\040\000v\000i\036\277\000t\000\040\000t\036\257\000t}{}% 5
\BOOKMARK [1][-]{section*.6}{\376\377\000C\000H\001\257\001\240\000N\000G\000\040\0001\000:\000\040\000G\000I\036\332\000I\000\040\000T\000H\000I\036\306\000U}{}% 6
\BOOKMARK [2][-]{section*.7}{\376\377\0001\000.\0001\000.\000\040\000B\036\321\000i\000\040\000c\036\243\000n\000h\000\040\000v\000\340\000\040\000T\000h\000\341\000c\000h\000\040\000t\000h\036\351\000c\000\040\000t\000r\000o\000n\000g\000\040\000p\000h\000\341\000t\000\040\000t\000r\000i\036\303\000n\000\040\036\351\000n\000g\000\040\000d\036\345\000n\000g\000\040\000W\000e\000b\000\040\000h\000i\036\307\000n\000\040\001\021\036\241\000i}{section*.6}% 7
\BOOKMARK [2][-]{section*.11}{\376\377\0001\000.\0002\000.\000\040\000C\000\364\000n\000g\000\040\000t\000r\000\354\000n\000h\000\040\000l\000i\000\352\000n\000\040\000q\000u\000a\000n\000\040\000v\000\340\000\040\000K\000h\000o\036\243\000n\000g\000\040\000t\000r\036\321\000n\000g\000\040\000n\000g\000h\000i\000\352\000n\000\040\000c\036\351\000u}{section*.6}% 8
\BOOKMARK [2][-]{section*.15}{\376\377\0001\000.\0003\000.\000\040\001\020\036\331\000n\000g\000\040\000l\036\361\000c\000,\000\040\000M\036\345\000c\000\040\000t\000i\000\352\000u\000\040\000v\000\340\000\040\000C\000\342\000u\000\040\000h\036\317\000i\000\040\000n\000g\000h\000i\000\352\000n\000\040\000c\036\351\000u}{section*.6}% 9
\BOOKMARK [2][-]{section*.19}{\376\377\0001\000.\0004\000.\000\040\000P\000h\036\241\000m\000\040\000v\000i\000\040\000v\000\340\000\040\000P\000h\001\260\001\241\000n\000g\000\040\000p\000h\000\341\000p\000\040\000n\000g\000h\000i\000\352\000n\000\040\000c\036\351\000u}{section*.6}% 10
\BOOKMARK [2][-]{section*.22}{\376\377\0001\000.\0005\000.\000\040\001\020\000\363\000n\000g\000\040\000g\000\363\000p\000\040\000v\000\340\000\040\000C\036\245\000u\000\040\000t\000r\000\372\000c\000\040\000b\000\341\000o\000\040\000c\000\341\000o}{section*.6}% 11
\BOOKMARK [1][-]{section*.25}{\376\377\000C\000H\001\257\001\240\000N\000G\000\040\0002\000:\000\040\000C\001\240\000\040\000S\036\336\000\040\000L\000\335\000\040\000T\000H\000U\000Y\036\276\000T}{}% 12
\BOOKMARK [2][-]{section*.26}{\376\377\0002\000.\0001\000.\000\040\000T\036\325\000n\000g\000\040\000q\000u\000a\000n\000\040\000v\036\301\000\040\000t\000\355\000n\000h\000\040\000t\000o\000\341\000n\000\040\000h\000i\036\307\000u\000\040\000n\001\003\000n\000g\000\040\000c\000a\000o\000\040\000t\000r\000\352\000n\000\040\000t\000r\000\354\000n\000h\000\040\000d\000u\000y\036\307\000t}{section*.25}% 13
\BOOKMARK [2][-]{section*.30}{\376\377\0002\000.\0002\000.\000\040\000C\000\341\000c\000\040\000k\036\371\000\040\000t\000h\000u\036\255\000t\000\040\000t\036\321\000i\000\040\001\260\000u\000\040\000h\000\363\000a\000\040\000s\000o\000n\000g\000\040\000s\000o\000n\000g\000\040\000t\000r\000\352\000n\000\040\000k\000i\036\277\000n\000\040\000t\000r\000\372\000c\000\040\000C\000P\000U\000\040\000h\000i\036\307\000n\000\040\001\021\036\241\000i}{section*.25}% 14
\BOOKMARK [2][-]{section*.34}{\376\377\0002\000.\0003\000.\000\040\000T\000h\000u\036\255\000t\000\040\000t\000o\000\341\000n\000\040\000x\036\355\000\040\000l\000\375\000\040\000v\000i\000d\000e\000o\000\040\000t\000h\036\335\000i\000\040\000g\000i\000a\000n\000\040\000t\000h\036\361\000c}{section*.25}% 15
\BOOKMARK [2][-]{section*.38}{\376\377\0002\000.\0004\000.\000\040\000K\000h\000u\000n\000g\000\040\001\021\000\341\000n\000h\000\040\000g\000i\000\341\000\040\000h\000i\036\307\000u\000\040\000n\001\003\000n\000g}{section*.25}% 16
\BOOKMARK [2][-]{section*.42}{\376\377\0002\000.\0005\000.\000\040\000T\036\325\000n\000g\000\040\000q\000u\000a\000n\000\040\000c\000\341\000c\000\040\000c\000\364\000n\000g\000\040\000t\000r\000\354\000n\000h\000\040\000n\000g\000h\000i\000\352\000n\000\040\000c\036\351\000u\000\040\000l\000i\000\352\000n\000\040\000q\000u\000a\000n}{section*.25}% 17
\BOOKMARK [1][-]{section*.47}{\376\377\000C\000H\001\257\001\240\000N\000G\000\040\0003\000:\000\040\000T\000H\000I\036\276\000T\000\040\000K\036\276\000\040\000V\000\300\000\040\000C\000\300\000I\000\040\001\020\036\266\000T\000\040\000H\036\306\000\040\000T\000H\036\320\000N\000G}{}% 18
\BOOKMARK [2][-]{section*.48}{\376\377\0003\000.\0001\000\040\000M\036\345\000c\000\040\000t\000i\000\352\000u\000\040\000v\000\340\000\040\000N\000g\000u\000y\000\352\000n\000\040\000t\036\257\000c\000\040\000t\000h\000i\036\277\000t\000\040\000k\036\277}{section*.47}% 19
\BOOKMARK [2][-]{section*.51}{\376\377\0003\000.\0002\000\040\000K\000i\036\277\000n\000\040\000t\000r\000\372\000c\000\040\000h\036\307\000\040\000t\000h\036\321\000n\000g\000\040\000t\036\325\000n\000g\000\040\000t\000h\036\303}{section*.47}% 20
\BOOKMARK [2][-]{section*.55}{\376\377\0003\000.\0003\000\040\000T\000h\000i\036\277\000t\000\040\000k\036\277\000\040\000t\036\247\000n\000g\000\040\000l\001\260\000u\000\040\000t\000r\036\357\000\040\000v\000\340\000\040\000G\000i\000a\000o\000\040\000t\000i\036\277\000p\000\040\000\050\000T\000h\000e\000\040\000B\000r\000i\000d\000g\000e\000\051}{section*.47}% 21
\BOOKMARK [2][-]{section*.59}{\376\377\0003\000.\0004\000\040\000C\000\340\000i\000\040\001\021\036\267\000t\000\040\000c\000\341\000c\000\040\000k\036\313\000c\000h\000\040\000b\036\243\000n\000\040\000t\000h\036\361\000c\000\040\000n\000g\000h\000i\036\307\000m\000\040\000\050\000C\000o\000r\000e\000\040\000I\000m\000p\000l\000e\000m\000e\000n\000t\000a\000t\000i\000o\000n\000\051}{section*.47}% 22
\BOOKMARK [2][-]{section*.64}{\376\377\0003\000.\0005\000\040\000M\000\364\000i\000\040\000t\000r\001\260\036\335\000n\000g\000\040\000t\000h\036\361\000c\000\040\000n\000g\000h\000i\036\307\000m}{section*.47}% 23
\BOOKMARK [2][-]{section*.68}{\376\377\0003\000.\0006\000\040\000P\000h\001\260\001\241\000n\000g\000\040\000p\000h\000\341\000p\000\040\000B\000e\000n\000c\000h\000m\000a\000r\000k\000\040\000v\000\340\000\040\000T\000h\000u\000\040\000t\000h\036\255\000p\000\040\000d\036\357\000\040\000l\000i\036\307\000u}{section*.47}% 24
\BOOKMARK [1][-]{section*.72}{\376\377\000C\000H\001\257\001\240\000N\000G\000\040\0004\000:\000\040\000K\036\276\000T\000\040\000Q\000U\036\242\000\040\000V\000\300\000\040\000P\000H\000\302\000N\000\040\000T\000\315\000C\000H}{}% 25
\BOOKMARK [2][-]{section*.73}{\376\377\0004\000.\0001\000\040\000G\000i\036\333\000i\000\040\000t\000h\000i\036\307\000u\000\040\000c\000h\001\260\001\241\000n\000g}{section*.72}% 26
\BOOKMARK [2][-]{section*.74}{\376\377\0004\000.\0002\000\040\000K\036\277\000t\000\040\000q\000u\036\243\000\040\000t\000h\036\361\000c\000\040\000n\000g\000h\000i\036\307\000m\000\040\000c\000\341\000c\000\040\000k\036\313\000c\000h\000\040\000b\036\243\000n\000\040\001\021\001\241\000n\000\040\000l\036\273}{section*.72}% 27
\BOOKMARK [2][-]{section*.78}{\376\377\0004\000.\0003\000\040\000K\036\277\000t\000\040\000q\000u\036\243\000\040\000k\036\313\000c\000h\000\040\000b\036\243\000n\000\040\000t\000\355\000c\000h\000\040\000l\001\151\000y\000\040\000\050\000S\000I\000M\000D\000\040\000+\000\040\000M\000u\000l\000t\000i\000-\000t\000h\000r\000e\000a\000d\000i\000n\000g\000\051}{section*.72}% 28
\BOOKMARK [2][-]{section*.82}{\376\377\0004\000.\0004\000\040\000P\000h\000\342\000n\000\040\000t\000\355\000c\000h\000\040\000c\000h\000u\000y\000\352\000n\000\040\000s\000\342\000u\000\040\000v\000\340\000\040\000T\000h\036\243\000o\000\040\000l\000u\036\255\000n}{section*.72}% 29
\BOOKMARK [2][-]{section*.86}{\376\377\0004\000.\0005\000\040\000T\036\325\000n\000g\000\040\000k\036\277\000t\000\040\000c\000h\001\260\001\241\000n\000g}{section*.72}% 30
\BOOKMARK [1][-]{section*.87}{\376\377\000C\000H\001\257\001\240\000N\000G\000\040\0005\000:\000\040\000K\036\276\000T\000\040\000L\000U\036\254\000N\000\040\000V\000\300\000\040\000H\001\257\036\332\000N\000G\000\040\000P\000H\000\301\000T\000\040\000T\000R\000I\036\302\000N}{}% 31
\BOOKMARK [1][-]{section*.88}{\376\377\000T\000\340\000i\000\040\000l\000i\036\307\000u\000\040\000t\000h\000a\000m\000\040\000k\000h\036\243\000o}{}% 32
